This file contains any messages produced by compilers while
running configure, to aid debugging if configure makes a mistake.

It was created by xraylib configure 3.3.0, which was
generated by GNU Autoconf 2.69.  Invocation command line was

  $ ./configure --enable-python --enable-python-integration PYTHON=/home/oasys/oasys1env/bin/python

## --------- ##
## Platform. ##
## --------- ##

hostname = oasys-VirtualBox
uname -m = x86_64
uname -r = 4.15.0-42-generic
uname -s = Linux
uname -v = #45-Ubuntu SMP Thu Nov 15 19:32:57 UTC 2018

/usr/bin/uname -p = unknown
/bin/uname -X     = unknown

/bin/arch              = unknown
/usr/bin/arch -k       = unknown
/usr/convex/getsysinfo = unknown
/usr/bin/hostinfo      = unknown
/bin/machine           = unknown
/usr/bin/oslevel       = unknown
/bin/universe          = unknown

PATH: /home/oasys/oasys1env/bin
PATH: /usr/local/sbin
PATH: /usr/local/bin
PATH: /usr/sbin
PATH: /usr/bin
PATH: /sbin
PATH: /bin
PATH: /usr/games
PATH: /usr/local/games
PATH: /snap/bin


## ----------- ##
## Core tests. ##
## ----------- ##

configure:2899: checking for a BSD-compatible install
configure:2967: result: /usr/bin/install -c
configure:2978: checking whether build environment is sane
configure:3033: result: yes
configure:3184: checking for a thread-safe mkdir -p
configure:3223: result: /bin/mkdir -p
configure:3230: checking for gawk
configure:3260: result: no
configure:3230: checking for mawk
configure:3246: found /usr/bin/mawk
configure:3257: result: mawk
configure:3268: checking whether make sets $(MAKE)
configure:3290: result: yes
configure:3319: checking whether make supports nested variables
configure:3336: result: yes
configure:3466: checking build system type
configure:3480: result: x86_64-unknown-linux-gnu
configure:3500: checking host system type
configure:3513: result: x86_64-unknown-linux-gnu
configure:3558: checking for style of include used by make
configure:3586: result: GNU
configure:3657: checking for gcc
configure:3673: found /usr/bin/gcc
configure:3684: result: gcc
configure:3913: checking for C compiler version
configure:3922: gcc --version >&5
gcc (Ubuntu 7.3.0-27ubuntu1~18.04) 7.3.0
Copyright (C) 2017 Free Software Foundation, Inc.
This is free software; see the source for copying conditions.  There is NO
warranty; not even for MERCHANTABILITY or FITNESS FOR A PARTICULAR PURPOSE.

configure:3933: $? = 0
configure:3922: gcc -v >&5
Using built-in specs.
COLLECT_GCC=gcc
COLLECT_LTO_WRAPPER=/usr/lib/gcc/x86_64-linux-gnu/7/lto-wrapper
OFFLOAD_TARGET_NAMES=nvptx-none
OFFLOAD_TARGET_DEFAULT=1
Target: x86_64-linux-gnu
Configured with: ../src/configure -v --with-pkgversion='Ubuntu 7.3.0-27ubuntu1~18.04' --with-bugurl=file:///usr/share/doc/gcc-7/README.Bugs --enable-languages=c,ada,c++,go,brig,d,fortran,objc,obj-c++ --prefix=/usr --with-gcc-major-version-only --program-suffix=-7 --program-prefix=x86_64-linux-gnu- --enable-shared --enable-linker-build-id --libexecdir=/usr/lib --without-included-gettext --enable-threads=posix --libdir=/usr/lib --enable-nls --with-sysroot=/ --enable-clocale=gnu --enable-libstdcxx-debug --enable-libstdcxx-time=yes --with-default-libstdcxx-abi=new --enable-gnu-unique-object --disable-vtable-verify --enable-libmpx --enable-plugin --enable-default-pie --with-system-zlib --with-target-system-zlib --enable-objc-gc=auto --enable-multiarch --disable-werror --with-arch-32=i686 --with-abi=m64 --with-multilib-list=m32,m64,mx32 --enable-multilib --with-tune=generic --enable-offload-targets=nvptx-none --without-cuda-driver --enable-checking=release --build=x86_64-linux-gnu --host=x86_64-linux-gnu --target=x86_64-linux-gnu
Thread model: posix
gcc version 7.3.0 (Ubuntu 7.3.0-27ubuntu1~18.04) 
configure:3933: $? = 0
configure:3922: gcc -V >&5
gcc: error: unrecognized command line option '-V'
gcc: fatal error: no input files
compilation terminated.
configure:3933: $? = 1
configure:3922: gcc -qversion >&5
gcc: error: unrecognized command line option '-qversion'; did you mean '--version'?
gcc: fatal error: no input files
compilation terminated.
configure:3933: $? = 1
configure:3953: checking whether the C compiler works
configure:3975: gcc    conftest.c  >&5
configure:3979: $? = 0
configure:4027: result: yes
configure:4030: checking for C compiler default output file name
configure:4032: result: a.out
configure:4038: checking for suffix of executables
configure:4045: gcc -o conftest    conftest.c  >&5
configure:4049: $? = 0
configure:4071: result: 
configure:4093: checking whether we are cross compiling
configure:4101: gcc -o conftest    conftest.c  >&5
configure:4105: $? = 0
configure:4112: ./conftest
configure:4116: $? = 0
configure:4131: result: no
configure:4136: checking for suffix of object files
configure:4158: gcc -c   conftest.c >&5
configure:4162: $? = 0
configure:4183: result: o
configure:4187: checking whether we are using the GNU C compiler
configure:4206: gcc -c   conftest.c >&5
configure:4206: $? = 0
configure:4215: result: yes
configure:4224: checking whether gcc accepts -g
configure:4244: gcc -c -g  conftest.c >&5
configure:4244: $? = 0
configure:4285: result: yes
configure:4302: checking for gcc option to accept ISO C89
configure:4365: gcc  -c -g -O2  conftest.c >&5
configure:4365: $? = 0
configure:4378: result: none needed
configure:4403: checking whether gcc understands -c and -o together
configure:4425: gcc -c conftest.c -o conftest2.o
configure:4428: $? = 0
configure:4425: gcc -c conftest.c -o conftest2.o
configure:4428: $? = 0
configure:4440: result: yes
configure:4459: checking dependency style of gcc
configure:4570: result: gcc3
configure:4591: checking how to run the C preprocessor
configure:4622: gcc -E  conftest.c
configure:4622: $? = 0
configure:4636: gcc -E  conftest.c
conftest.c:11:10: fatal error: ac_nonexistent.h: No such file or directory
 #include <ac_nonexistent.h>
          ^~~~~~~~~~~~~~~~~~
compilation terminated.
configure:4636: $? = 1
configure: failed program was:
| /* confdefs.h */
| #define PACKAGE_NAME "xraylib"
| #define PACKAGE_TARNAME "xraylib"
| #define PACKAGE_VERSION "3.3.0"
| #define PACKAGE_STRING "xraylib 3.3.0"
| #define PACKAGE_BUGREPORT "Tom.Schoonjans@me.com"
| #define PACKAGE_URL ""
| #define PACKAGE "xraylib"
| #define VERSION "3.3.0"
| /* end confdefs.h.  */
| #include <ac_nonexistent.h>
configure:4661: result: gcc -E
configure:4681: gcc -E  conftest.c
configure:4681: $? = 0
configure:4695: gcc -E  conftest.c
conftest.c:11:10: fatal error: ac_nonexistent.h: No such file or directory
 #include <ac_nonexistent.h>
          ^~~~~~~~~~~~~~~~~~
compilation terminated.
configure:4695: $? = 1
configure: failed program was:
| /* confdefs.h */
| #define PACKAGE_NAME "xraylib"
| #define PACKAGE_TARNAME "xraylib"
| #define PACKAGE_VERSION "3.3.0"
| #define PACKAGE_STRING "xraylib 3.3.0"
| #define PACKAGE_BUGREPORT "Tom.Schoonjans@me.com"
| #define PACKAGE_URL ""
| #define PACKAGE "xraylib"
| #define VERSION "3.3.0"
| /* end confdefs.h.  */
| #include <ac_nonexistent.h>
configure:4724: checking for grep that handles long lines and -e
configure:4782: result: /bin/grep
configure:4787: checking for egrep
configure:4849: result: /bin/grep -E
configure:4854: checking for ANSI C header files
configure:4874: gcc -c -g -O2  conftest.c >&5
configure:4874: $? = 0
configure:4947: gcc -o conftest -g -O2   conftest.c  >&5
configure:4947: $? = 0
configure:4947: ./conftest
configure:4947: $? = 0
configure:4958: result: yes
configure:4971: checking for sys/types.h
configure:4971: gcc -c -g -O2  conftest.c >&5
configure:4971: $? = 0
configure:4971: result: yes
configure:4971: checking for sys/stat.h
configure:4971: gcc -c -g -O2  conftest.c >&5
configure:4971: $? = 0
configure:4971: result: yes
configure:4971: checking for stdlib.h
configure:4971: gcc -c -g -O2  conftest.c >&5
configure:4971: $? = 0
configure:4971: result: yes
configure:4971: checking for string.h
configure:4971: gcc -c -g -O2  conftest.c >&5
configure:4971: $? = 0
configure:4971: result: yes
configure:4971: checking for memory.h
configure:4971: gcc -c -g -O2  conftest.c >&5
configure:4971: $? = 0
configure:4971: result: yes
configure:4971: checking for strings.h
configure:4971: gcc -c -g -O2  conftest.c >&5
configure:4971: $? = 0
configure:4971: result: yes
configure:4971: checking for inttypes.h
configure:4971: gcc -c -g -O2  conftest.c >&5
configure:4971: $? = 0
configure:4971: result: yes
configure:4971: checking for stdint.h
configure:4971: gcc -c -g -O2  conftest.c >&5
configure:4971: $? = 0
configure:4971: result: yes
configure:4971: checking for unistd.h
configure:4971: gcc -c -g -O2  conftest.c >&5
configure:4971: $? = 0
configure:4971: result: yes
configure:4984: checking minix/config.h usability
configure:4984: gcc -c -g -O2  conftest.c >&5
conftest.c:54:10: fatal error: minix/config.h: No such file or directory
 #include <minix/config.h>
          ^~~~~~~~~~~~~~~~
compilation terminated.
configure:4984: $? = 1
configure: failed program was:
| /* confdefs.h */
| #define PACKAGE_NAME "xraylib"
| #define PACKAGE_TARNAME "xraylib"
| #define PACKAGE_VERSION "3.3.0"
| #define PACKAGE_STRING "xraylib 3.3.0"
| #define PACKAGE_BUGREPORT "Tom.Schoonjans@me.com"
| #define PACKAGE_URL ""
| #define PACKAGE "xraylib"
| #define VERSION "3.3.0"
| #define STDC_HEADERS 1
| #define HAVE_SYS_TYPES_H 1
| #define HAVE_SYS_STAT_H 1
| #define HAVE_STDLIB_H 1
| #define HAVE_STRING_H 1
| #define HAVE_MEMORY_H 1
| #define HAVE_STRINGS_H 1
| #define HAVE_INTTYPES_H 1
| #define HAVE_STDINT_H 1
| #define HAVE_UNISTD_H 1
| /* end confdefs.h.  */
| #include <stdio.h>
| #ifdef HAVE_SYS_TYPES_H
| # include <sys/types.h>
| #endif
| #ifdef HAVE_SYS_STAT_H
| # include <sys/stat.h>
| #endif
| #ifdef STDC_HEADERS
| # include <stdlib.h>
| # include <stddef.h>
| #else
| # ifdef HAVE_STDLIB_H
| #  include <stdlib.h>
| # endif
| #endif
| #ifdef HAVE_STRING_H
| # if !defined STDC_HEADERS && defined HAVE_MEMORY_H
| #  include <memory.h>
| # endif
| # include <string.h>
| #endif
| #ifdef HAVE_STRINGS_H
| # include <strings.h>
| #endif
| #ifdef HAVE_INTTYPES_H
| # include <inttypes.h>
| #endif
| #ifdef HAVE_STDINT_H
| # include <stdint.h>
| #endif
| #ifdef HAVE_UNISTD_H
| # include <unistd.h>
| #endif
| #include <minix/config.h>
configure:4984: result: no
configure:4984: checking minix/config.h presence
configure:4984: gcc -E  conftest.c
conftest.c:21:10: fatal error: minix/config.h: No such file or directory
 #include <minix/config.h>
          ^~~~~~~~~~~~~~~~
compilation terminated.
configure:4984: $? = 1
configure: failed program was:
| /* confdefs.h */
| #define PACKAGE_NAME "xraylib"
| #define PACKAGE_TARNAME "xraylib"
| #define PACKAGE_VERSION "3.3.0"
| #define PACKAGE_STRING "xraylib 3.3.0"
| #define PACKAGE_BUGREPORT "Tom.Schoonjans@me.com"
| #define PACKAGE_URL ""
| #define PACKAGE "xraylib"
| #define VERSION "3.3.0"
| #define STDC_HEADERS 1
| #define HAVE_SYS_TYPES_H 1
| #define HAVE_SYS_STAT_H 1
| #define HAVE_STDLIB_H 1
| #define HAVE_STRING_H 1
| #define HAVE_MEMORY_H 1
| #define HAVE_STRINGS_H 1
| #define HAVE_INTTYPES_H 1
| #define HAVE_STDINT_H 1
| #define HAVE_UNISTD_H 1
| /* end confdefs.h.  */
| #include <minix/config.h>
configure:4984: result: no
configure:4984: checking for minix/config.h
configure:4984: result: no
configure:5005: checking whether it is safe to define __EXTENSIONS__
configure:5023: gcc -c -g -O2  conftest.c >&5
configure:5023: $? = 0
configure:5030: result: yes
configure:5047: checking for strndup
configure:5047: gcc -o conftest -g -O2   conftest.c  >&5
conftest.c:49:6: warning: conflicting types for built-in function 'strndup' [-Wbuiltin-declaration-mismatch]
 char strndup ();
      ^~~~~~~
configure:5047: $? = 0
configure:5047: result: yes
configure:5047: checking for strdup
configure:5047: gcc -o conftest -g -O2   conftest.c  >&5
conftest.c:50:6: warning: conflicting types for built-in function 'strdup' [-Wbuiltin-declaration-mismatch]
 char strdup ();
      ^~~~~~
configure:5047: $? = 0
configure:5047: result: yes
configure:5109: checking for ar
configure:5125: found /usr/bin/ar
configure:5136: result: ar
configure:5162: checking the archiver (ar) interface
configure:5178: gcc -c -g -O2  conftest.c >&5
configure:5178: $? = 0
configure:5180: ar cru libconftest.a conftest.o >&5
ar: `u' modifier ignored since `D' is the default (see `U')
configure:5183: $? = 0
configure:5211: result: ar
configure:5280: checking how to print strings
configure:5307: result: printf
configure:5328: checking for a sed that does not truncate output
configure:5392: result: /bin/sed
configure:5410: checking for fgrep
configure:5472: result: /bin/grep -F
configure:5507: checking for ld used by gcc
configure:5574: result: /usr/bin/ld
configure:5581: checking if the linker (/usr/bin/ld) is GNU ld
configure:5596: result: yes
configure:5608: checking for BSD- or MS-compatible name lister (nm)
configure:5662: result: /usr/bin/nm -B
configure:5792: checking the name lister (/usr/bin/nm -B) interface
configure:5799: gcc -c -g -O2  conftest.c >&5
configure:5802: /usr/bin/nm -B "conftest.o"
configure:5805: output
0000000000000000 B some_variable
configure:5812: result: BSD nm
configure:5815: checking whether ln -s works
configure:5819: result: yes
configure:5827: checking the maximum length of command line arguments
configure:5958: result: 1572864
configure:6006: checking how to convert x86_64-unknown-linux-gnu file names to x86_64-unknown-linux-gnu format
configure:6046: result: func_convert_file_noop
configure:6053: checking how to convert x86_64-unknown-linux-gnu file names to toolchain format
configure:6073: result: func_convert_file_noop
configure:6080: checking for /usr/bin/ld option to reload object files
configure:6087: result: -r
configure:6161: checking for objdump
configure:6177: found /usr/bin/objdump
configure:6188: result: objdump
configure:6217: checking how to recognize dependent libraries
configure:6417: result: pass_all
configure:6502: checking for dlltool
configure:6532: result: no
configure:6559: checking how to associate runtime and link libraries
configure:6586: result: printf %s\n
configure:6710: checking for archiver @FILE support
configure:6727: gcc -c -g -O2  conftest.c >&5
configure:6727: $? = 0
configure:6730: ar cru libconftest.a @conftest.lst >&5
ar: `u' modifier ignored since `D' is the default (see `U')
configure:6733: $? = 0
configure:6738: ar cru libconftest.a @conftest.lst >&5
ar: `u' modifier ignored since `D' is the default (see `U')
ar: conftest.o: No such file or directory
configure:6741: $? = 1
configure:6753: result: @
configure:6811: checking for strip
configure:6827: found /usr/bin/strip
configure:6838: result: strip
configure:6910: checking for ranlib
configure:6926: found /usr/bin/ranlib
configure:6937: result: ranlib
configure:7039: checking command to parse /usr/bin/nm -B output from gcc object
configure:7192: gcc -c -g -O2  conftest.c >&5
configure:7195: $? = 0
configure:7199: /usr/bin/nm -B conftest.o \| sed -n -e 's/^.*[ ]\([ABCDGIRSTW][ABCDGIRSTW]*\)[ ][ ]*\([_A-Za-z][_A-Za-z0-9]*\)$/\1 \2 \2/p' | sed '/ __gnu_lto/d' \> conftest.nm
configure:7202: $? = 0
configure:7268: gcc -o conftest -g -O2   conftest.c conftstm.o >&5
configure:7271: $? = 0
configure:7309: result: ok
configure:7356: checking for sysroot
configure:7386: result: no
configure:7393: checking for a working dd
configure:7431: result: /bin/dd
configure:7435: checking how to truncate binary pipes
configure:7450: result: /bin/dd bs=4096 count=1
configure:7586: gcc -c -g -O2  conftest.c >&5
configure:7589: $? = 0
configure:7779: checking for mt
configure:7795: found /bin/mt
configure:7806: result: mt
configure:7829: checking if mt is a manifest tool
configure:7835: mt '-?'
configure:7843: result: no
configure:8517: checking for dlfcn.h
configure:8517: gcc -c -g -O2  conftest.c >&5
configure:8517: $? = 0
configure:8517: result: yes
configure:9069: checking for objdir
configure:9084: result: .libs
configure:9348: checking if gcc supports -fno-rtti -fno-exceptions
configure:9366: gcc -c -g -O2  -fno-rtti -fno-exceptions conftest.c >&5
cc1: warning: command line option '-fno-rtti' is valid for C++/ObjC++ but not for C
configure:9370: $? = 0
configure:9383: result: no
configure:9741: checking for gcc option to produce PIC
configure:9748: result: -fPIC -DPIC
configure:9756: checking if gcc PIC flag -fPIC -DPIC works
configure:9774: gcc -c -g -O2  -fPIC -DPIC -DPIC conftest.c >&5
configure:9778: $? = 0
configure:9791: result: yes
configure:9820: checking if gcc static flag -static works
configure:9848: result: yes
configure:9863: checking if gcc supports -c -o file.o
configure:9884: gcc -c -g -O2  -o out/conftest2.o conftest.c >&5
configure:9888: $? = 0
configure:9910: result: yes
configure:9918: checking if gcc supports -c -o file.o
configure:9965: result: yes
configure:9998: checking whether the gcc linker (/usr/bin/ld -m elf_x86_64) supports shared libraries
configure:11257: result: yes
configure:11294: checking whether -lc should be explicitly linked in
configure:11302: gcc -c -g -O2  conftest.c >&5
configure:11305: $? = 0
configure:11320: gcc -shared  -fPIC -DPIC conftest.o  -v -Wl,-soname -Wl,conftest -o conftest 2\>\&1 \| /bin/grep  -lc  \>/dev/null 2\>\&1
configure:11323: $? = 0
configure:11337: result: no
configure:11497: checking dynamic linker characteristics
configure:12078: gcc -o conftest -g -O2   -Wl,-rpath -Wl,/foo conftest.c  >&5
configure:12078: $? = 0
configure:12315: result: GNU/Linux ld.so
configure:12437: checking how to hardcode library paths into programs
configure:12462: result: immediate
configure:12564: checking for shl_load
configure:12564: gcc -o conftest -g -O2   conftest.c  >&5
/tmp/cclH8dCy.o: In function `main':
/home/oasys/oasys-installation-scripts/Release_1.1/VirtualEnvironment/xraylib-3.3.0/conftest.c:64: undefined reference to `shl_load'
collect2: error: ld returned 1 exit status
configure:12564: $? = 1
configure: failed program was:
| /* confdefs.h */
| #define PACKAGE_NAME "xraylib"
| #define PACKAGE_TARNAME "xraylib"
| #define PACKAGE_VERSION "3.3.0"
| #define PACKAGE_STRING "xraylib 3.3.0"
| #define PACKAGE_BUGREPORT "Tom.Schoonjans@me.com"
| #define PACKAGE_URL ""
| #define PACKAGE "xraylib"
| #define VERSION "3.3.0"
| #define STDC_HEADERS 1
| #define HAVE_SYS_TYPES_H 1
| #define HAVE_SYS_STAT_H 1
| #define HAVE_STDLIB_H 1
| #define HAVE_STRING_H 1
| #define HAVE_MEMORY_H 1
| #define HAVE_STRINGS_H 1
| #define HAVE_INTTYPES_H 1
| #define HAVE_STDINT_H 1
| #define HAVE_UNISTD_H 1
| #define __EXTENSIONS__ 1
| #define _ALL_SOURCE 1
| #define _GNU_SOURCE 1
| #define _POSIX_PTHREAD_SEMANTICS 1
| #define _TANDEM_SOURCE 1
| #define HAVE_STRNDUP 1
| #define HAVE_STRDUP 1
| #define HAVE_DLFCN_H 1
| #define LT_OBJDIR ".libs/"
| /* end confdefs.h.  */
| /* Define shl_load to an innocuous variant, in case <limits.h> declares shl_load.
|    For example, HP-UX 11i <limits.h> declares gettimeofday.  */
| #define shl_load innocuous_shl_load
| 
| /* System header to define __stub macros and hopefully few prototypes,
|     which can conflict with char shl_load (); below.
|     Prefer <limits.h> to <assert.h> if __STDC__ is defined, since
|     <limits.h> exists even on freestanding compilers.  */
| 
| #ifdef __STDC__
| # include <limits.h>
| #else
| # include <assert.h>
| #endif
| 
| #undef shl_load
| 
| /* Override any GCC internal prototype to avoid an error.
|    Use char because int might match the return type of a GCC
|    builtin and then its argument prototype would still apply.  */
| #ifdef __cplusplus
| extern "C"
| #endif
| char shl_load ();
| /* The GNU C library defines this for functions which it implements
|     to always fail with ENOSYS.  Some functions are actually named
|     something starting with __ and the normal name is an alias.  */
| #if defined __stub_shl_load || defined __stub___shl_load
| choke me
| #endif
| 
| int
| main ()
| {
| return shl_load ();
|   ;
|   return 0;
| }
configure:12564: result: no
configure:12568: checking for shl_load in -ldld
configure:12593: gcc -o conftest -g -O2   conftest.c -ldld   >&5
/usr/bin/ld: cannot find -ldld
collect2: error: ld returned 1 exit status
configure:12593: $? = 1
configure: failed program was:
| /* confdefs.h */
| #define PACKAGE_NAME "xraylib"
| #define PACKAGE_TARNAME "xraylib"
| #define PACKAGE_VERSION "3.3.0"
| #define PACKAGE_STRING "xraylib 3.3.0"
| #define PACKAGE_BUGREPORT "Tom.Schoonjans@me.com"
| #define PACKAGE_URL ""
| #define PACKAGE "xraylib"
| #define VERSION "3.3.0"
| #define STDC_HEADERS 1
| #define HAVE_SYS_TYPES_H 1
| #define HAVE_SYS_STAT_H 1
| #define HAVE_STDLIB_H 1
| #define HAVE_STRING_H 1
| #define HAVE_MEMORY_H 1
| #define HAVE_STRINGS_H 1
| #define HAVE_INTTYPES_H 1
| #define HAVE_STDINT_H 1
| #define HAVE_UNISTD_H 1
| #define __EXTENSIONS__ 1
| #define _ALL_SOURCE 1
| #define _GNU_SOURCE 1
| #define _POSIX_PTHREAD_SEMANTICS 1
| #define _TANDEM_SOURCE 1
| #define HAVE_STRNDUP 1
| #define HAVE_STRDUP 1
| #define HAVE_DLFCN_H 1
| #define LT_OBJDIR ".libs/"
| /* end confdefs.h.  */
| 
| /* Override any GCC internal prototype to avoid an error.
|    Use char because int might match the return type of a GCC
|    builtin and then its argument prototype would still apply.  */
| #ifdef __cplusplus
| extern "C"
| #endif
| char shl_load ();
| int
| main ()
| {
| return shl_load ();
|   ;
|   return 0;
| }
configure:12602: result: no
configure:12607: checking for dlopen
configure:12607: gcc -o conftest -g -O2   conftest.c  >&5
/tmp/ccLxxbXG.o: In function `main':
/home/oasys/oasys-installation-scripts/Release_1.1/VirtualEnvironment/xraylib-3.3.0/conftest.c:64: undefined reference to `dlopen'
collect2: error: ld returned 1 exit status
configure:12607: $? = 1
configure: failed program was:
| /* confdefs.h */
| #define PACKAGE_NAME "xraylib"
| #define PACKAGE_TARNAME "xraylib"
| #define PACKAGE_VERSION "3.3.0"
| #define PACKAGE_STRING "xraylib 3.3.0"
| #define PACKAGE_BUGREPORT "Tom.Schoonjans@me.com"
| #define PACKAGE_URL ""
| #define PACKAGE "xraylib"
| #define VERSION "3.3.0"
| #define STDC_HEADERS 1
| #define HAVE_SYS_TYPES_H 1
| #define HAVE_SYS_STAT_H 1
| #define HAVE_STDLIB_H 1
| #define HAVE_STRING_H 1
| #define HAVE_MEMORY_H 1
| #define HAVE_STRINGS_H 1
| #define HAVE_INTTYPES_H 1
| #define HAVE_STDINT_H 1
| #define HAVE_UNISTD_H 1
| #define __EXTENSIONS__ 1
| #define _ALL_SOURCE 1
| #define _GNU_SOURCE 1
| #define _POSIX_PTHREAD_SEMANTICS 1
| #define _TANDEM_SOURCE 1
| #define HAVE_STRNDUP 1
| #define HAVE_STRDUP 1
| #define HAVE_DLFCN_H 1
| #define LT_OBJDIR ".libs/"
| /* end confdefs.h.  */
| /* Define dlopen to an innocuous variant, in case <limits.h> declares dlopen.
|    For example, HP-UX 11i <limits.h> declares gettimeofday.  */
| #define dlopen innocuous_dlopen
| 
| /* System header to define __stub macros and hopefully few prototypes,
|     which can conflict with char dlopen (); below.
|     Prefer <limits.h> to <assert.h> if __STDC__ is defined, since
|     <limits.h> exists even on freestanding compilers.  */
| 
| #ifdef __STDC__
| # include <limits.h>
| #else
| # include <assert.h>
| #endif
| 
| #undef dlopen
| 
| /* Override any GCC internal prototype to avoid an error.
|    Use char because int might match the return type of a GCC
|    builtin and then its argument prototype would still apply.  */
| #ifdef __cplusplus
| extern "C"
| #endif
| char dlopen ();
| /* The GNU C library defines this for functions which it implements
|     to always fail with ENOSYS.  Some functions are actually named
|     something starting with __ and the normal name is an alias.  */
| #if defined __stub_dlopen || defined __stub___dlopen
| choke me
| #endif
| 
| int
| main ()
| {
| return dlopen ();
|   ;
|   return 0;
| }
configure:12607: result: no
configure:12611: checking for dlopen in -ldl
configure:12636: gcc -o conftest -g -O2   conftest.c -ldl   >&5
configure:12636: $? = 0
configure:12645: result: yes
configure:12764: checking whether a program can dlopen itself
configure:12844: gcc -o conftest -g -O2  -DHAVE_DLFCN_H  -Wl,--export-dynamic conftest.c -ldl  >&5
configure:12847: $? = 0
configure:12865: result: yes
configure:12870: checking whether a statically linked program can dlopen itself
configure:12950: gcc -o conftest -g -O2  -DHAVE_DLFCN_H  -Wl,--export-dynamic -static conftest.c -ldl  >&5
/tmp/cc3Njx0R.o: In function `main':
/home/oasys/oasys-installation-scripts/Release_1.1/VirtualEnvironment/xraylib-3.3.0/configure:12929: warning: Using 'dlopen' in statically linked applications requires at runtime the shared libraries from the glibc version used for linking
configure:12953: $? = 0
conftest: undefined symbol: _fnord
configure:12971: result: no
configure:13010: checking whether stripping libraries is possible
configure:13015: result: yes
configure:13050: checking if libtool supports shared libraries
configure:13052: result: yes
configure:13055: checking whether to build shared libraries
configure:13080: result: yes
configure:13083: checking whether to build static libraries
configure:13087: result: yes
configure:13127: checking for a sed that does not truncate output
configure:13191: result: /bin/sed
configure:13245: checking for gcc
configure:13272: result: gcc
configure:13501: checking for C compiler version
configure:13510: gcc --version >&5
gcc (Ubuntu 7.3.0-27ubuntu1~18.04) 7.3.0
Copyright (C) 2017 Free Software Foundation, Inc.
This is free software; see the source for copying conditions.  There is NO
warranty; not even for MERCHANTABILITY or FITNESS FOR A PARTICULAR PURPOSE.

configure:13521: $? = 0
configure:13510: gcc -v >&5
Using built-in specs.
COLLECT_GCC=gcc
COLLECT_LTO_WRAPPER=/usr/lib/gcc/x86_64-linux-gnu/7/lto-wrapper
OFFLOAD_TARGET_NAMES=nvptx-none
OFFLOAD_TARGET_DEFAULT=1
Target: x86_64-linux-gnu
Configured with: ../src/configure -v --with-pkgversion='Ubuntu 7.3.0-27ubuntu1~18.04' --with-bugurl=file:///usr/share/doc/gcc-7/README.Bugs --enable-languages=c,ada,c++,go,brig,d,fortran,objc,obj-c++ --prefix=/usr --with-gcc-major-version-only --program-suffix=-7 --program-prefix=x86_64-linux-gnu- --enable-shared --enable-linker-build-id --libexecdir=/usr/lib --without-included-gettext --enable-threads=posix --libdir=/usr/lib --enable-nls --with-sysroot=/ --enable-clocale=gnu --enable-libstdcxx-debug --enable-libstdcxx-time=yes --with-default-libstdcxx-abi=new --enable-gnu-unique-object --disable-vtable-verify --enable-libmpx --enable-plugin --enable-default-pie --with-system-zlib --with-target-system-zlib --enable-objc-gc=auto --enable-multiarch --disable-werror --with-arch-32=i686 --with-abi=m64 --with-multilib-list=m32,m64,mx32 --enable-multilib --with-tune=generic --enable-offload-targets=nvptx-none --without-cuda-driver --enable-checking=release --build=x86_64-linux-gnu --host=x86_64-linux-gnu --target=x86_64-linux-gnu
Thread model: posix
gcc version 7.3.0 (Ubuntu 7.3.0-27ubuntu1~18.04) 
configure:13521: $? = 0
configure:13510: gcc -V >&5
gcc: error: unrecognized command line option '-V'
gcc: fatal error: no input files
compilation terminated.
configure:13521: $? = 1
configure:13510: gcc -qversion >&5
gcc: error: unrecognized command line option '-qversion'; did you mean '--version'?
gcc: fatal error: no input files
compilation terminated.
configure:13521: $? = 1
configure:13525: checking whether we are using the GNU C compiler
configure:13553: result: yes
configure:13562: checking whether gcc accepts -g
configure:13623: result: yes
configure:13640: checking for gcc option to accept ISO C89
configure:13716: result: none needed
configure:13741: checking whether gcc understands -c and -o together
configure:13778: result: yes
configure:13797: checking dependency style of gcc
configure:13908: result: gcc3
configure:13953: checking math.h usability
configure:13953: gcc -c -g -O2  conftest.c >&5
configure:13953: $? = 0
configure:13953: result: yes
configure:13953: checking math.h presence
configure:13953: gcc -E  conftest.c
configure:13953: $? = 0
configure:13953: result: yes
configure:13953: checking for math.h
configure:13953: result: yes
configure:13953: checking stdio.h usability
configure:13953: gcc -c -g -O2  conftest.c >&5
configure:13953: $? = 0
configure:13953: result: yes
configure:13953: checking stdio.h presence
configure:13953: gcc -E  conftest.c
configure:13953: $? = 0
configure:13953: result: yes
configure:13953: checking for stdio.h
configure:13953: result: yes
configure:13953: checking for stdlib.h
configure:13953: result: yes
configure:13953: checking for string.h
configure:13953: result: yes
configure:13953: checking ctype.h usability
configure:13953: gcc -c -g -O2  conftest.c >&5
configure:13953: $? = 0
configure:13953: result: yes
configure:13953: checking ctype.h presence
configure:13953: gcc -E  conftest.c
configure:13953: $? = 0
configure:13953: result: yes
configure:13953: checking for ctype.h
configure:13953: result: yes
configure:13953: checking stddef.h usability
configure:13953: gcc -c -g -O2  conftest.c >&5
configure:13953: $? = 0
configure:13953: result: yes
configure:13953: checking stddef.h presence
configure:13953: gcc -E  conftest.c
configure:13953: $? = 0
configure:13953: result: yes
configure:13953: checking for stddef.h
configure:13953: result: yes
configure:13953: checking locale.h usability
configure:13953: gcc -c -g -O2  conftest.c >&5
configure:13953: $? = 0
configure:13953: result: yes
configure:13953: checking locale.h presence
configure:13953: gcc -E  conftest.c
configure:13953: $? = 0
configure:13953: result: yes
configure:13953: checking for locale.h
configure:13953: result: yes
configure:13967: checking for log in -lm
configure:13992: gcc -o conftest -g -O2   conftest.c -lm   >&5
conftest.c:44:6: warning: conflicting types for built-in function 'log' [-Wbuiltin-declaration-mismatch]
 char log ();
      ^~~
configure:13992: $? = 0
configure:14001: result: yes
configure:14014: checking for exp in -lm
configure:14039: gcc -o conftest -g -O2   conftest.c -lm  -lm  >&5
conftest.c:45:6: warning: conflicting types for built-in function 'exp' [-Wbuiltin-declaration-mismatch]
 char exp ();
      ^~~
configure:14039: $? = 0
configure:14048: result: yes
configure:14061: checking for cos in -lm
configure:14086: gcc -o conftest -g -O2   conftest.c -lm  -lm -lm  >&5
conftest.c:46:6: warning: conflicting types for built-in function 'cos' [-Wbuiltin-declaration-mismatch]
 char cos ();
      ^~~
configure:14086: $? = 0
configure:14095: result: yes
configure:14108: checking for sin in -lm
configure:14133: gcc -o conftest -g -O2   conftest.c -lm  -lm -lm -lm  >&5
conftest.c:47:6: warning: conflicting types for built-in function 'sin' [-Wbuiltin-declaration-mismatch]
 char sin ();
      ^~~
configure:14133: $? = 0
configure:14142: result: yes
configure:14434: checking for gfortran
configure:14450: found /usr/bin/gfortran
configure:14461: result: gfortran
configure:14487: checking for Fortran compiler version
configure:14496: gfortran --version >&5
GNU Fortran (Ubuntu 7.3.0-27ubuntu1~18.04) 7.3.0
Copyright (C) 2017 Free Software Foundation, Inc.
This is free software; see the source for copying conditions.  There is NO
warranty; not even for MERCHANTABILITY or FITNESS FOR A PARTICULAR PURPOSE.

configure:14507: $? = 0
configure:14496: gfortran -v >&5
Using built-in specs.
COLLECT_GCC=gfortran
COLLECT_LTO_WRAPPER=/usr/lib/gcc/x86_64-linux-gnu/7/lto-wrapper
OFFLOAD_TARGET_NAMES=nvptx-none
OFFLOAD_TARGET_DEFAULT=1
Target: x86_64-linux-gnu
Configured with: ../src/configure -v --with-pkgversion='Ubuntu 7.3.0-27ubuntu1~18.04' --with-bugurl=file:///usr/share/doc/gcc-7/README.Bugs --enable-languages=c,ada,c++,go,brig,d,fortran,objc,obj-c++ --prefix=/usr --with-gcc-major-version-only --program-suffix=-7 --program-prefix=x86_64-linux-gnu- --enable-shared --enable-linker-build-id --libexecdir=/usr/lib --without-included-gettext --enable-threads=posix --libdir=/usr/lib --enable-nls --with-sysroot=/ --enable-clocale=gnu --enable-libstdcxx-debug --enable-libstdcxx-time=yes --with-default-libstdcxx-abi=new --enable-gnu-unique-object --disable-vtable-verify --enable-libmpx --enable-plugin --enable-default-pie --with-system-zlib --with-target-system-zlib --enable-objc-gc=auto --enable-multiarch --disable-werror --with-arch-32=i686 --with-abi=m64 --with-multilib-list=m32,m64,mx32 --enable-multilib --with-tune=generic --enable-offload-targets=nvptx-none --without-cuda-driver --enable-checking=release --build=x86_64-linux-gnu --host=x86_64-linux-gnu --target=x86_64-linux-gnu
Thread model: posix
gcc version 7.3.0 (Ubuntu 7.3.0-27ubuntu1~18.04) 
configure:14507: $? = 0
configure:14496: gfortran -V >&5
gfortran: error: unrecognized command line option '-V'
gfortran: fatal error: no input files
compilation terminated.
configure:14507: $? = 1
configure:14496: gfortran -qversion >&5
gfortran: error: unrecognized command line option '-qversion'; did you mean '--version'?
gfortran: fatal error: no input files
compilation terminated.
configure:14507: $? = 1
configure:14516: checking whether we are using the GNU Fortran compiler
configure:14529: gfortran -c   conftest.F >&5
configure:14529: $? = 0
configure:14538: result: yes
configure:14544: checking whether gfortran accepts -g
configure:14555: gfortran -c -g  conftest.f >&5
configure:14555: $? = 0
configure:14563: result: yes
configure:14705: checking if libtool supports shared libraries
configure:14707: result: yes
configure:14710: checking whether to build shared libraries
configure:14734: result: yes
configure:14737: checking whether to build static libraries
configure:14741: result: yes
configure:14775: gfortran -c -g -O2  conftest.f >&5
configure:14778: $? = 0
configure:15256: checking for gfortran option to produce PIC
configure:15263: result: -fPIC
configure:15271: checking if gfortran PIC flag -fPIC works
configure:15289: gfortran -c -g -O2 -fPIC  conftest.f >&5
configure:15293: $? = 0
configure:15306: result: yes
configure:15329: checking if gfortran static flag -static works
configure:15357: result: yes
configure:15369: checking if gfortran supports -c -o file.o
configure:15390: gfortran -c -g -O2 -o out/conftest2.o  conftest.f >&5
configure:15394: $? = 0
configure:15416: result: yes
configure:15421: checking if gfortran supports -c -o file.o
configure:15468: result: yes
configure:15498: checking whether the gfortran linker (/usr/bin/ld -m elf_x86_64) supports shared libraries
configure:16707: result: yes
configure:16848: checking dynamic linker characteristics
configure:17587: result: GNU/Linux ld.so
configure:17652: checking how to hardcode library paths into programs
configure:17677: result: immediate
configure:17721: checking for Fortran flag to compile .f90 files
configure:17741: gfortran -c -g -O2  conftest.f90 >&5
configure:17741: $? = 0
configure:17750: result: none
configure:17776: checking whether the fortran compiler supports the 2003 features
configure:17839: gfortran -c -g -O2  conftest.f90 >&5
configure:17839: $? = 0
configure:17851: result: yes
configure:17859: Building with Fortran 2003 bindings
configure:17918: checking for idl
configure:17951: result: no
configure:17964: WARNING: IDL binaries not found in /usr/local/itt/idl/bin:/usr/local/rsi/idl/bin:/usr/local/pkg/graphics/rsi/idl/bin:/Applications/exelis/idl/bin:/usr/local/exelis/idl/bin:/Applications/itt/idl/bin:/usr/local/idl/bin:/Applications/itt/idl/idl/bin:/usr/local/itt/idl/idl/bin:/Applications/rsi/idl/bin:/c/ITT/IDL71/bin/bin.x86. Use --with-idl-bindir to set the location of the idl binary
configure:18344: checking for swig
configure:18360: found /usr/bin/swig
configure:18371: result: swig
configure:18410: checking for perl
configure:18426: found /usr/bin/perl
configure:18437: result: perl
configure:18470: checking for Perl extension include path
configure:18475: result: /usr/lib/x86_64-linux-gnu/perl/5.26/CORE
configure:18491: checking for Perl extension target directory
configure:18500: result: ${exec_prefix}/lib/perl5/site_perl/5.26.1/x86_64-linux-gnu-thread-multi
configure:18508: checking for Perl extensions C compiler
configure:18513: result: x86_64-linux-gnu-gcc
configure:18521: checking for Perl extensions C preprocessor flags
configure:18526: result: -D_REENTRANT -D_GNU_SOURCE -DDEBIAN -fwrapv -fno-strict-aliasing -pipe -I/usr/local/include
configure:18534: checking for Perl extensions C compiler flags
configure:18539: result: -D_REENTRANT -D_GNU_SOURCE -DDEBIAN -fwrapv -fno-strict-aliasing -pipe -I/usr/local/include -D_LARGEFILE_SOURCE -D_FILE_OFFSET_BITS=64
configure:18547: checking for Perl extensions linker flags
configure:18560: result: -shared -L/usr/local/lib -fstack-protector-strong
configure:18568: checking for Perl dynamic library extension
configure:18573: result: .so
configure:18578: checking consistency of all components of perl development environment
configure:18610: gcc -c -I/usr/lib/x86_64-linux-gnu/perl/5.26/CORE -D_REENTRANT -D_GNU_SOURCE -DDEBIAN -fwrapv -fno-strict-aliasing -pipe -I/usr/local/include  conftest.c >&5
configure:18610: $? = 0
configure:18616: result: yes
configure:18632: Building with Perl bindings
configure:18733: checking for python version
configure:18740: result: 3.6
configure:18752: checking for python platform
configure:18759: result: linux
configure:18785: checking for python script directory
configure:18820: result: ${prefix}/lib/python3.6/site-packages
configure:18829: checking for python extension module directory
configure:18864: result: ${exec_prefix}/lib/python3.6/site-packages
configure:18888: checking for python3.6
configure:18918: result: /home/oasys/oasys1env/bin/python
configure:18936: checking for a version of Python >= '2.1.0'
configure:18970: result: yes
configure:19010: checking for the distutils Python package
configure:19014: result: yes
configure:19034: checking for Python include path
configure:19053: result: -I/usr/include/python3.6m -I/home/oasys/oasys1env/include/python3.6m
configure:19062: checking for Python library path
configure:19171: result: -L/usr/lib -lpython3.6m
configure:19180: checking for Python site-packages path
configure:19189: result: /home/oasys/oasys1env/lib/python3.6/site-packages
configure:19196: checking for Python site-packages extension modules path
configure:19205: result: /home/oasys/oasys1env/lib/python3.6/site-packages
configure:19212: checking for Python module cflags
configure:19222: result: -DNDEBUG -g -fwrapv -O2 -Wall
configure:19229: checking for Python module extension
configure:19239: result: .cpython-36m-x86_64-linux-gnu.so
configure:19259: checking consistency of all components of python development environment
configure:19287: gcc -o conftest -g -O2  -I/usr/include/python3.6m -I/home/oasys/oasys1env/include/python3.6m  conftest.c -lm -lm -lm -lm  -L/usr/lib -lpython3.6m  >&5
configure:19287: $? = 0
configure:19305: result: yes
configure:19346: checking for numpy
configure:19351: result: yes
configure:19361: Building with Python bindings
configure:20109: checking for cython-3.6
configure:20139: result: no
configure:20109: checking for cython
configure:20139: result: no
configure:20155: WARNING: Cannot build Python-NumPy bindings
configure:20168: checking for gcc option to support OpenMP
configure:20183: gcc -o conftest -g -O2   conftest.c -lm -lm -lm -lm  >&5
conftest.c:44:2: error: unknown type name 'choke'
  choke me
  ^~~~~
In file included from conftest.c:46:0:
/usr/lib/gcc/x86_64-linux-gnu/7/include/omp.h:35:1: error: expected '=', ',', ';', 'asm' or '__attribute__' before 'typedef'
 typedef struct
 ^~~~~~~
configure:20183: $? = 1
configure: failed program was:
| /* confdefs.h */
| #define PACKAGE_NAME "xraylib"
| #define PACKAGE_TARNAME "xraylib"
| #define PACKAGE_VERSION "3.3.0"
| #define PACKAGE_STRING "xraylib 3.3.0"
| #define PACKAGE_BUGREPORT "Tom.Schoonjans@me.com"
| #define PACKAGE_URL ""
| #define PACKAGE "xraylib"
| #define VERSION "3.3.0"
| #define STDC_HEADERS 1
| #define HAVE_SYS_TYPES_H 1
| #define HAVE_SYS_STAT_H 1
| #define HAVE_STDLIB_H 1
| #define HAVE_STRING_H 1
| #define HAVE_MEMORY_H 1
| #define HAVE_STRINGS_H 1
| #define HAVE_INTTYPES_H 1
| #define HAVE_STDINT_H 1
| #define HAVE_UNISTD_H 1
| #define __EXTENSIONS__ 1
| #define _ALL_SOURCE 1
| #define _GNU_SOURCE 1
| #define _POSIX_PTHREAD_SEMANTICS 1
| #define _TANDEM_SOURCE 1
| #define HAVE_STRNDUP 1
| #define HAVE_STRDUP 1
| #define HAVE_DLFCN_H 1
| #define LT_OBJDIR ".libs/"
| #define HAVE_MATH_H 1
| #define HAVE_STDIO_H 1
| #define HAVE_STDLIB_H 1
| #define HAVE_STRING_H 1
| #define HAVE_CTYPE_H 1
| #define HAVE_STDDEF_H 1
| #define HAVE_LOCALE_H 1
| #define HAVE_LIBM 1
| #define HAVE_LIBM 1
| #define HAVE_LIBM 1
| #define HAVE_LIBM 1
| #define HAVE_PYTHON "3.6"
| /* end confdefs.h.  */
| 
| #ifndef _OPENMP
|  choke me
| #endif
| #include <omp.h>
| int main () { return omp_get_num_threads (); }
| 
configure:20201: gcc -o conftest -g -O2 -fopenmp   conftest.c -lm -lm -lm -lm  >&5
configure:20201: $? = 0
configure:20215: result: -fopenmp
configure:20747: checking for g++
configure:20763: found /usr/bin/g++
configure:20774: result: g++
configure:20801: checking for C++ compiler version
configure:20810: g++ --version >&5
g++ (Ubuntu 7.3.0-27ubuntu1~18.04) 7.3.0
Copyright (C) 2017 Free Software Foundation, Inc.
This is free software; see the source for copying conditions.  There is NO
warranty; not even for MERCHANTABILITY or FITNESS FOR A PARTICULAR PURPOSE.

configure:20821: $? = 0
configure:20810: g++ -v >&5
Using built-in specs.
COLLECT_GCC=g++
COLLECT_LTO_WRAPPER=/usr/lib/gcc/x86_64-linux-gnu/7/lto-wrapper
OFFLOAD_TARGET_NAMES=nvptx-none
OFFLOAD_TARGET_DEFAULT=1
Target: x86_64-linux-gnu
Configured with: ../src/configure -v --with-pkgversion='Ubuntu 7.3.0-27ubuntu1~18.04' --with-bugurl=file:///usr/share/doc/gcc-7/README.Bugs --enable-languages=c,ada,c++,go,brig,d,fortran,objc,obj-c++ --prefix=/usr --with-gcc-major-version-only --program-suffix=-7 --program-prefix=x86_64-linux-gnu- --enable-shared --enable-linker-build-id --libexecdir=/usr/lib --without-included-gettext --enable-threads=posix --libdir=/usr/lib --enable-nls --with-sysroot=/ --enable-clocale=gnu --enable-libstdcxx-debug --enable-libstdcxx-time=yes --with-default-libstdcxx-abi=new --enable-gnu-unique-object --disable-vtable-verify --enable-libmpx --enable-plugin --enable-default-pie --with-system-zlib --with-target-system-zlib --enable-objc-gc=auto --enable-multiarch --disable-werror --with-arch-32=i686 --with-abi=m64 --with-multilib-list=m32,m64,mx32 --enable-multilib --with-tune=generic --enable-offload-targets=nvptx-none --without-cuda-driver --enable-checking=release --build=x86_64-linux-gnu --host=x86_64-linux-gnu --target=x86_64-linux-gnu
Thread model: posix
gcc version 7.3.0 (Ubuntu 7.3.0-27ubuntu1~18.04) 
configure:20821: $? = 0
configure:20810: g++ -V >&5
g++: error: unrecognized command line option '-V'
g++: fatal error: no input files
compilation terminated.
configure:20821: $? = 1
configure:20810: g++ -qversion >&5
g++: error: unrecognized command line option '-qversion'; did you mean '--version'?
g++: fatal error: no input files
compilation terminated.
configure:20821: $? = 1
configure:20825: checking whether we are using the GNU C++ compiler
configure:20844: g++ -c   conftest.cpp >&5
configure:20844: $? = 0
configure:20853: result: yes
configure:20862: checking whether g++ accepts -g
configure:20882: g++ -c -g  conftest.cpp >&5
configure:20882: $? = 0
configure:20923: result: yes
configure:20948: checking dependency style of g++
configure:21059: result: gcc3
configure:21082: checking how to run the C++ preprocessor
configure:21109: g++ -E  conftest.cpp
configure:21109: $? = 0
configure:21123: g++ -E  conftest.cpp
conftest.cpp:42:10: fatal error: ac_nonexistent.h: No such file or directory
 #include <ac_nonexistent.h>
          ^~~~~~~~~~~~~~~~~~
compilation terminated.
configure:21123: $? = 1
configure: failed program was:
| /* confdefs.h */
| #define PACKAGE_NAME "xraylib"
| #define PACKAGE_TARNAME "xraylib"
| #define PACKAGE_VERSION "3.3.0"
| #define PACKAGE_STRING "xraylib 3.3.0"
| #define PACKAGE_BUGREPORT "Tom.Schoonjans@me.com"
| #define PACKAGE_URL ""
| #define PACKAGE "xraylib"
| #define VERSION "3.3.0"
| #define STDC_HEADERS 1
| #define HAVE_SYS_TYPES_H 1
| #define HAVE_SYS_STAT_H 1
| #define HAVE_STDLIB_H 1
| #define HAVE_STRING_H 1
| #define HAVE_MEMORY_H 1
| #define HAVE_STRINGS_H 1
| #define HAVE_INTTYPES_H 1
| #define HAVE_STDINT_H 1
| #define HAVE_UNISTD_H 1
| #define __EXTENSIONS__ 1
| #define _ALL_SOURCE 1
| #define _GNU_SOURCE 1
| #define _POSIX_PTHREAD_SEMANTICS 1
| #define _TANDEM_SOURCE 1
| #define HAVE_STRNDUP 1
| #define HAVE_STRDUP 1
| #define HAVE_DLFCN_H 1
| #define LT_OBJDIR ".libs/"
| #define HAVE_MATH_H 1
| #define HAVE_STDIO_H 1
| #define HAVE_STDLIB_H 1
| #define HAVE_STRING_H 1
| #define HAVE_CTYPE_H 1
| #define HAVE_STDDEF_H 1
| #define HAVE_LOCALE_H 1
| #define HAVE_LIBM 1
| #define HAVE_LIBM 1
| #define HAVE_LIBM 1
| #define HAVE_LIBM 1
| #define HAVE_PYTHON "3.6"
| /* end confdefs.h.  */
| #include <ac_nonexistent.h>
configure:21148: result: g++ -E
configure:21168: g++ -E  conftest.cpp
configure:21168: $? = 0
configure:21182: g++ -E  conftest.cpp
conftest.cpp:42:10: fatal error: ac_nonexistent.h: No such file or directory
 #include <ac_nonexistent.h>
          ^~~~~~~~~~~~~~~~~~
compilation terminated.
configure:21182: $? = 1
configure: failed program was:
| /* confdefs.h */
| #define PACKAGE_NAME "xraylib"
| #define PACKAGE_TARNAME "xraylib"
| #define PACKAGE_VERSION "3.3.0"
| #define PACKAGE_STRING "xraylib 3.3.0"
| #define PACKAGE_BUGREPORT "Tom.Schoonjans@me.com"
| #define PACKAGE_URL ""
| #define PACKAGE "xraylib"
| #define VERSION "3.3.0"
| #define STDC_HEADERS 1
| #define HAVE_SYS_TYPES_H 1
| #define HAVE_SYS_STAT_H 1
| #define HAVE_STDLIB_H 1
| #define HAVE_STRING_H 1
| #define HAVE_MEMORY_H 1
| #define HAVE_STRINGS_H 1
| #define HAVE_INTTYPES_H 1
| #define HAVE_STDINT_H 1
| #define HAVE_UNISTD_H 1
| #define __EXTENSIONS__ 1
| #define _ALL_SOURCE 1
| #define _GNU_SOURCE 1
| #define _POSIX_PTHREAD_SEMANTICS 1
| #define _TANDEM_SOURCE 1
| #define HAVE_STRNDUP 1
| #define HAVE_STRDUP 1
| #define HAVE_DLFCN_H 1
| #define LT_OBJDIR ".libs/"
| #define HAVE_MATH_H 1
| #define HAVE_STDIO_H 1
| #define HAVE_STDLIB_H 1
| #define HAVE_STRING_H 1
| #define HAVE_CTYPE_H 1
| #define HAVE_STDDEF_H 1
| #define HAVE_LOCALE_H 1
| #define HAVE_LIBM 1
| #define HAVE_LIBM 1
| #define HAVE_LIBM 1
| #define HAVE_LIBM 1
| #define HAVE_PYTHON "3.6"
| /* end confdefs.h.  */
| #include <ac_nonexistent.h>
configure:21344: checking for ld used by g++
configure:21411: result: /usr/bin/ld -m elf_x86_64
configure:21418: checking if the linker (/usr/bin/ld -m elf_x86_64) is GNU ld
configure:21433: result: yes
configure:21488: checking whether the g++ linker (/usr/bin/ld -m elf_x86_64) supports shared libraries
configure:22561: result: yes
configure:22597: g++ -c -g -O2  conftest.cpp >&5
configure:22600: $? = 0
configure:23063: checking for g++ option to produce PIC
configure:23070: result: -fPIC -DPIC
configure:23078: checking if g++ PIC flag -fPIC -DPIC works
configure:23096: g++ -c -g -O2  -fPIC -DPIC -DPIC conftest.cpp >&5
configure:23100: $? = 0
configure:23113: result: yes
configure:23136: checking if g++ static flag -static works
configure:23164: result: yes
configure:23176: checking if g++ supports -c -o file.o
configure:23197: g++ -c -g -O2  -o out/conftest2.o conftest.cpp >&5
configure:23201: $? = 0
configure:23223: result: yes
configure:23228: checking if g++ supports -c -o file.o
configure:23275: result: yes
configure:23305: checking whether the g++ linker (/usr/bin/ld -m elf_x86_64) supports shared libraries
configure:23345: result: yes
configure:23486: checking dynamic linker characteristics
configure:24231: result: GNU/Linux ld.so
configure:24296: checking how to hardcode library paths into programs
configure:24321: result: immediate
configure:24381: checking for g++
configure:24397: found /usr/bin/g++
configure:24409: result: g++
configure:24424: checking how to run the C++ preprocessor
configure:24490: result: g++ -E
configure:24510: g++ -E  conftest.cpp
configure:24510: $? = 0
configure:24524: g++ -E  conftest.cpp
conftest.cpp:42:10: fatal error: ac_nonexistent.h: No such file or directory
 #include <ac_nonexistent.h>
          ^~~~~~~~~~~~~~~~~~
compilation terminated.
configure:24524: $? = 1
configure: failed program was:
| /* confdefs.h */
| #define PACKAGE_NAME "xraylib"
| #define PACKAGE_TARNAME "xraylib"
| #define PACKAGE_VERSION "3.3.0"
| #define PACKAGE_STRING "xraylib 3.3.0"
| #define PACKAGE_BUGREPORT "Tom.Schoonjans@me.com"
| #define PACKAGE_URL ""
| #define PACKAGE "xraylib"
| #define VERSION "3.3.0"
| #define STDC_HEADERS 1
| #define HAVE_SYS_TYPES_H 1
| #define HAVE_SYS_STAT_H 1
| #define HAVE_STDLIB_H 1
| #define HAVE_STRING_H 1
| #define HAVE_MEMORY_H 1
| #define HAVE_STRINGS_H 1
| #define HAVE_INTTYPES_H 1
| #define HAVE_STDINT_H 1
| #define HAVE_UNISTD_H 1
| #define __EXTENSIONS__ 1
| #define _ALL_SOURCE 1
| #define _GNU_SOURCE 1
| #define _POSIX_PTHREAD_SEMANTICS 1
| #define _TANDEM_SOURCE 1
| #define HAVE_STRNDUP 1
| #define HAVE_STRDUP 1
| #define HAVE_DLFCN_H 1
| #define LT_OBJDIR ".libs/"
| #define HAVE_MATH_H 1
| #define HAVE_STDIO_H 1
| #define HAVE_STDLIB_H 1
| #define HAVE_STRING_H 1
| #define HAVE_CTYPE_H 1
| #define HAVE_STDDEF_H 1
| #define HAVE_LOCALE_H 1
| #define HAVE_LIBM 1
| #define HAVE_LIBM 1
| #define HAVE_LIBM 1
| #define HAVE_LIBM 1
| #define HAVE_PYTHON "3.6"
| /* end confdefs.h.  */
| #include <ac_nonexistent.h>
configure:24562: checking cstdio usability
configure:24562: g++ -c -g -O2  conftest.cpp >&5
configure:24562: $? = 0
configure:24562: result: yes
configure:24562: checking cstdio presence
configure:24562: g++ -E  conftest.cpp
configure:24562: $? = 0
configure:24562: result: yes
configure:24562: checking for cstdio
configure:24562: result: yes
configure:24562: checking cstdlib usability
configure:24562: g++ -c -g -O2  conftest.cpp >&5
configure:24562: $? = 0
configure:24562: result: yes
configure:24562: checking cstdlib presence
configure:24562: g++ -E  conftest.cpp
configure:24562: $? = 0
configure:24562: result: yes
configure:24562: checking for cstdlib
configure:24562: result: yes
configure:24581: C++ example enabled
configure:24624: checking for lua
configure:24657: result: no
configure:24939: WARNING: Cannot build lua bindings
configure:25005: checking for ruby
configure:25038: result: no
configure:25157: WARNING: Cannot build ruby bindings
configure:25864: checking that generated files are newer than configure
configure:25870: result: done
configure:25969: creating ./config.status

## ---------------------- ##
## Running config.status. ##
## ---------------------- ##

This file was extended by xraylib config.status 3.3.0, which was
generated by GNU Autoconf 2.69.  Invocation command line was

  CONFIG_FILES    = 
  CONFIG_HEADERS  = 
  CONFIG_LINKS    = 
  CONFIG_COMMANDS = 
  $ ./config.status 

on oasys-VirtualBox

config.status:1372: creating Makefile
config.status:1372: creating src/Makefile
config.status:1372: creating include/Makefile
config.status:1372: creating example/Makefile
config.status:1372: creating idl/Makefile
config.status:1372: creating python/Makefile
config.status:1372: creating python/xrayhelp.py
config.status:1372: creating python/xraymessages.py
config.status:1372: creating doc/Makefile
config.status:1372: creating libxrl.pc
config.status:1372: creating libxrlf03.pc
config.status:1372: creating xraylib.spec
config.status:1372: creating data/Makefile
config.status:1372: creating java/Makefile
config.status:1372: creating java/build.gradle
config.status:1372: creating java/settings.gradle
config.status:1372: creating windows/python/Makefile
config.status:1372: creating windows/Makefile
config.status:1372: creating windows/python/cli_py2exe/Makefile
config.status:1372: creating windows/python/cli_py2exe/xraylib-cli.nsi
config.status:1372: creating windows/python/cli_py2exe/setup.py
config.status:1372: creating perl/Makefile
config.status:1372: creating lua/Makefile
config.status:1372: creating fortran/Makefile
config.status:1372: creating windows/python/xrlsetup.py
config.status:1372: creating ruby/Makefile
config.status:1372: creating php/Makefile
config.status:1372: creating pascal/Makefile
config.status:1372: creating config.h
config.status:1601: executing depfiles commands
config.status:1601: executing libtool commands
configure:28649: 
configure:28651: 
configure:28654: Building xraylib with bindings for:
configure:28657: Fortran 2003
configure:28665: Perl
configure:28669: Python

## ---------------- ##
## Cache variables. ##
## ---------------- ##

ac_cv_build=x86_64-unknown-linux-gnu
ac_cv_c_compiler_gnu=yes
ac_cv_cxx_compiler_gnu=yes
ac_cv_env_CCC_set=
ac_cv_env_CCC_value=
ac_cv_env_CC_set=
ac_cv_env_CC_value=
ac_cv_env_CFLAGS_set=
ac_cv_env_CFLAGS_value=
ac_cv_env_CPPFLAGS_set=
ac_cv_env_CPPFLAGS_value=
ac_cv_env_CPP_set=
ac_cv_env_CPP_value=
ac_cv_env_CXXCPP_set=
ac_cv_env_CXXCPP_value=
ac_cv_env_CXXFLAGS_set=
ac_cv_env_CXXFLAGS_value=
ac_cv_env_CXX_set=
ac_cv_env_CXX_value=
ac_cv_env_CYTHON_set=
ac_cv_env_CYTHON_value=
ac_cv_env_FCFLAGS_set=
ac_cv_env_FCFLAGS_value=
ac_cv_env_FC_set=
ac_cv_env_FC_value=
ac_cv_env_FPC_set=
ac_cv_env_FPC_value=
ac_cv_env_LDFLAGS_set=
ac_cv_env_LDFLAGS_value=
ac_cv_env_LIBS_set=
ac_cv_env_LIBS_value=
ac_cv_env_LT_SYS_LIBRARY_PATH_set=
ac_cv_env_LT_SYS_LIBRARY_PATH_value=
ac_cv_env_PERL_EXT_CC_set=
ac_cv_env_PERL_EXT_CC_value=
ac_cv_env_PERL_EXT_CFLAGS_set=
ac_cv_env_PERL_EXT_CFLAGS_value=
ac_cv_env_PERL_EXT_CPPFLAGS_set=
ac_cv_env_PERL_EXT_CPPFLAGS_value=
ac_cv_env_PERL_EXT_DLEXT_set=
ac_cv_env_PERL_EXT_DLEXT_value=
ac_cv_env_PERL_EXT_INC_set=
ac_cv_env_PERL_EXT_INC_value=
ac_cv_env_PERL_EXT_LDFLAGS_set=
ac_cv_env_PERL_EXT_LDFLAGS_value=
ac_cv_env_PERL_EXT_LIB_set=
ac_cv_env_PERL_EXT_LIB_value=
ac_cv_env_PHP_CONFIG_set=
ac_cv_env_PHP_CONFIG_value=
ac_cv_env_PHP_set=
ac_cv_env_PHP_value=
ac_cv_env_PYTHON_VERSION_set=
ac_cv_env_PYTHON_VERSION_value=
ac_cv_env_PYTHON_set=set
ac_cv_env_PYTHON_value=/home/oasys/oasys1env/bin/python
ac_cv_env_RUBY_EXT_CC_set=
ac_cv_env_RUBY_EXT_CC_value=
ac_cv_env_RUBY_EXT_CPPFLAGS_set=
ac_cv_env_RUBY_EXT_CPPFLAGS_value=
ac_cv_env_RUBY_EXT_DLEXT_set=
ac_cv_env_RUBY_EXT_DLEXT_value=
ac_cv_env_RUBY_EXT_INC_set=
ac_cv_env_RUBY_EXT_INC_value=
ac_cv_env_RUBY_EXT_LDFLAGS_set=
ac_cv_env_RUBY_EXT_LDFLAGS_value=
ac_cv_env_RUBY_EXT_LIB_set=
ac_cv_env_RUBY_EXT_LIB_value=
ac_cv_env_build_alias_set=
ac_cv_env_build_alias_value=
ac_cv_env_host_alias_set=
ac_cv_env_host_alias_value=
ac_cv_env_target_alias_set=
ac_cv_env_target_alias_value=
ac_cv_fc_compiler_gnu=yes
ac_cv_fc_srcext_f90=none
ac_cv_func_dlopen=no
ac_cv_func_shl_load=no
ac_cv_func_strdup=yes
ac_cv_func_strndup=yes
ac_cv_header_cstdio=yes
ac_cv_header_cstdlib=yes
ac_cv_header_ctype_h=yes
ac_cv_header_dlfcn_h=yes
ac_cv_header_inttypes_h=yes
ac_cv_header_locale_h=yes
ac_cv_header_math_h=yes
ac_cv_header_memory_h=yes
ac_cv_header_minix_config_h=no
ac_cv_header_stdc=yes
ac_cv_header_stddef_h=yes
ac_cv_header_stdint_h=yes
ac_cv_header_stdio_h=yes
ac_cv_header_stdlib_h=yes
ac_cv_header_string_h=yes
ac_cv_header_strings_h=yes
ac_cv_header_sys_stat_h=yes
ac_cv_header_sys_types_h=yes
ac_cv_header_unistd_h=yes
ac_cv_host=x86_64-unknown-linux-gnu
ac_cv_lib_dl_dlopen=yes
ac_cv_lib_dld_shl_load=no
ac_cv_lib_m_cos=yes
ac_cv_lib_m_exp=yes
ac_cv_lib_m_log=yes
ac_cv_lib_m_sin=yes
ac_cv_objext=o
ac_cv_path_EGREP='/bin/grep -E'
ac_cv_path_FGREP='/bin/grep -F'
ac_cv_path_GREP=/bin/grep
ac_cv_path_PYTHON=/home/oasys/oasys1env/bin/python
ac_cv_path_SED=/bin/sed
ac_cv_path_install='/usr/bin/install -c'
ac_cv_path_lt_DD=/bin/dd
ac_cv_path_mkdir=/bin/mkdir
ac_cv_prog_AWK=mawk
ac_cv_prog_CPP='gcc -E'
ac_cv_prog_CXXCPP='g++ -E'
ac_cv_prog_CXX_FULL=g++
ac_cv_prog_PERL=perl
ac_cv_prog_SWIG=swig
ac_cv_prog_ac_ct_AR=ar
ac_cv_prog_ac_ct_CC=gcc
ac_cv_prog_ac_ct_CXX=g++
ac_cv_prog_ac_ct_FC=gfortran
ac_cv_prog_ac_ct_MANIFEST_TOOL=mt
ac_cv_prog_ac_ct_OBJDUMP=objdump
ac_cv_prog_ac_ct_RANLIB=ranlib
ac_cv_prog_ac_ct_STRIP=strip
ac_cv_prog_c_openmp=-fopenmp
ac_cv_prog_cc_c89=
ac_cv_prog_cc_g=yes
ac_cv_prog_cxx_g=yes
ac_cv_prog_fc_g=yes
ac_cv_prog_make_make_set=yes
ac_cv_safe_to_define___extensions__=yes
am_cv_CC_dependencies_compiler_type=gcc3
am_cv_CXX_dependencies_compiler_type=gcc3
am_cv_ar_interface=ar
am_cv_make_support_nested_variables=yes
am_cv_prog_cc_c_o=yes
am_cv_python_platform=linux
am_cv_python_pyexecdir='${exec_prefix}/lib/python3.6/site-packages'
am_cv_python_pythondir='${prefix}/lib/python3.6/site-packages'
am_cv_python_version=3.6
lt_cv_ar_at_file=@
lt_cv_archive_cmds_need_lc=no
lt_cv_deplibs_check_method=pass_all
lt_cv_dlopen=dlopen
lt_cv_dlopen_libs=-ldl
lt_cv_dlopen_self=yes
lt_cv_dlopen_self_static=no
lt_cv_file_magic_cmd='$MAGIC_CMD'
lt_cv_file_magic_test_file=
lt_cv_ld_reload_flag=-r
lt_cv_nm_interface='BSD nm'
lt_cv_objdir=.libs
lt_cv_path_LD=/usr/bin/ld
lt_cv_path_LDCXX='/usr/bin/ld -m elf_x86_64'
lt_cv_path_NM='/usr/bin/nm -B'
lt_cv_path_mainfest_tool=no
lt_cv_prog_compiler_c_o=yes
lt_cv_prog_compiler_c_o_CXX=yes
lt_cv_prog_compiler_c_o_FC=yes
lt_cv_prog_compiler_pic='-fPIC -DPIC'
lt_cv_prog_compiler_pic_CXX='-fPIC -DPIC'
lt_cv_prog_compiler_pic_FC=-fPIC
lt_cv_prog_compiler_pic_works=yes
lt_cv_prog_compiler_pic_works_CXX=yes
lt_cv_prog_compiler_pic_works_FC=yes
lt_cv_prog_compiler_rtti_exceptions=no
lt_cv_prog_compiler_static_works=yes
lt_cv_prog_compiler_static_works_CXX=yes
lt_cv_prog_compiler_static_works_FC=yes
lt_cv_prog_gnu_ld=yes
lt_cv_prog_gnu_ldcxx=yes
lt_cv_sharedlib_from_linklib_cmd='printf %s\n'
lt_cv_shlibpath_overrides_runpath=yes
lt_cv_sys_global_symbol_pipe='sed -n -e '\''s/^.*[	 ]\([ABCDGIRSTW][ABCDGIRSTW]*\)[	 ][	 ]*\([_A-Za-z][_A-Za-z0-9]*\)$/\1 \2 \2/p'\'' | sed '\''/ __gnu_lto/d'\'''
lt_cv_sys_global_symbol_to_c_name_address='sed -n -e '\''s/^: \(.*\) .*$/  {"\1", (void *) 0},/p'\'' -e '\''s/^[ABCDGIRSTW][ABCDGIRSTW]* .* \(.*\)$/  {"\1", (void *) \&\1},/p'\'''
lt_cv_sys_global_symbol_to_c_name_address_lib_prefix='sed -n -e '\''s/^: \(.*\) .*$/  {"\1", (void *) 0},/p'\'' -e '\''s/^[ABCDGIRSTW][ABCDGIRSTW]* .* \(lib.*\)$/  {"\1", (void *) \&\1},/p'\'' -e '\''s/^[ABCDGIRSTW][ABCDGIRSTW]* .* \(.*\)$/  {"lib\1", (void *) \&\1},/p'\'''
lt_cv_sys_global_symbol_to_cdecl='sed -n -e '\''s/^T .* \(.*\)$/extern int \1();/p'\'' -e '\''s/^[ABCDGIRSTW][ABCDGIRSTW]* .* \(.*\)$/extern char \1;/p'\'''
lt_cv_sys_global_symbol_to_import=
lt_cv_sys_max_cmd_len=1572864
lt_cv_to_host_file_cmd=func_convert_file_noop
lt_cv_to_tool_file_cmd=func_convert_file_noop
lt_cv_truncate_bin='/bin/dd bs=4096 count=1'

## ----------------- ##
## Output variables. ##
## ----------------- ##

ABS_SRC_BUILD_EQUAL_FALSE='#'
ABS_SRC_BUILD_EQUAL_TRUE=''
ACLOCAL='${SHELL} /home/oasys/oasys-installation-scripts/Release_1.1/VirtualEnvironment/xraylib-3.3.0/build-aux/missing aclocal-1.15'
AMDEPBACKSLASH='\'
AMDEP_FALSE='#'
AMDEP_TRUE=''
AMTAR='$${TAR-tar}'
AM_BACKSLASH='\'
AM_DEFAULT_V='$(AM_DEFAULT_VERBOSITY)'
AM_DEFAULT_VERBOSITY='1'
AM_V='$(V)'
AR='ar'
ARCHFLAGS=''
AS='as'
AUTOCONF='${SHELL} /home/oasys/oasys-installation-scripts/Release_1.1/VirtualEnvironment/xraylib-3.3.0/build-aux/missing autoconf'
AUTOHEADER='${SHELL} /home/oasys/oasys-installation-scripts/Release_1.1/VirtualEnvironment/xraylib-3.3.0/build-aux/missing autoheader'
AUTOMAKE='${SHELL} /home/oasys/oasys-installation-scripts/Release_1.1/VirtualEnvironment/xraylib-3.3.0/build-aux/missing automake-1.15'
AWK='mawk'
CC='gcc'
CCDEPMODE='depmode=gcc3'
CFLAGS='-g -O2'
CPP='gcc -E'
CPPFLAGS=''
CXX='g++'
CXXCPP='g++ -E'
CXXDEPMODE='depmode=gcc3'
CXXFLAGS='-g -O2'
CXX_FULL='g++'
CYGPATH_W='echo'
CYTHON='nocython'
DEFS='-DHAVE_CONFIG_H'
DEPDIR='.deps'
DLLTOOL='false'
DSYMUTIL=''
DUMPBIN=''
ECHO_C=''
ECHO_N='-n'
ECHO_T=''
EGREP='/bin/grep -E'
ENABLE_CROSS_FALSE=''
ENABLE_CROSS_TRUE='#'
ENABLE_CXX_FALSE='#'
ENABLE_CXX_TRUE=''
ENABLE_FORTRAN_FALSE='#'
ENABLE_FORTRAN_TRUE=''
ENABLE_IDL_FALSE=''
ENABLE_IDL_TRUE='#'
ENABLE_JAVA_FALSE=''
ENABLE_JAVA_TRUE='#'
ENABLE_LUA_FALSE=''
ENABLE_LUA_TRUE='#'
ENABLE_PASCAL_FALSE=''
ENABLE_PASCAL_TRUE='#'
ENABLE_PERL_FALSE='#'
ENABLE_PERL_TRUE=''
ENABLE_PHP_FALSE=''
ENABLE_PHP_TRUE='#'
ENABLE_PYTHON_FALSE='#'
ENABLE_PYTHON_NUMPY_FALSE=''
ENABLE_PYTHON_NUMPY_TRUE='#'
ENABLE_PYTHON_TRUE=''
ENABLE_RUBY_FALSE=''
ENABLE_RUBY_TRUE='#'
EXEEXT=''
FC='gfortran'
FCFLAGS='-g -O2'
FCFLAGS_f90=''
FGREP='/bin/grep -F'
FPC=''
FPC_DIR=''
GREP='/bin/grep'
IDL_CFLAGS=''
IDL_LD_FLAGS=''
IDL_LIBADD=''
INSTALL_DATA='${INSTALL} -m 644'
INSTALL_PROGRAM='${INSTALL}'
INSTALL_SCRIPT='${INSTALL}'
INSTALL_STRIP_PROGRAM='$(install_sh) -c -s'
JAVA=''
JAVAC=''
LD='/usr/bin/ld -m elf_x86_64'
LDFLAGS=''
LDFLAGS_FORTRAN=''
LDFLAGS_IDL=''
LDFLAGS_LIBXRL=''
LDFLAGS_PYTHON=''
LIBOBJS=''
LIBS='-lm -lm -lm -lm '
LIBTOOL='$(SHELL) $(top_builddir)/libtool'
LIBXRL_CONVENIENCE_BUILD_FALSE=''
LIBXRL_CONVENIENCE_BUILD_TRUE='#'
LIB_AGE='3'
LIB_CURRENT='10'
LIB_CURRENT_MINUS_AGE='7'
LIB_REVISION='0'
LIPO=''
LN_S='ln -s'
LTLIBOBJS=''
LT_SYS_LIBRARY_PATH=''
LUA=''
LUA_INCLUDE=''
LUA_LIB=''
LUA_VERSION=''
MAKEINFO='${SHELL} /home/oasys/oasys-installation-scripts/Release_1.1/VirtualEnvironment/xraylib-3.3.0/build-aux/missing makeinfo'
MANIFEST_TOOL=':'
MKDIR_P='/bin/mkdir -p'
NM='/usr/bin/nm -B'
NMEDIT=''
NUMPY_HEADERS='-I/home/oasys/oasys1env/lib/python3.6/site-packages/numpy/core/include'
OBJDUMP='objdump'
OBJEXT='o'
OPENMP_CFLAGS='-fopenmp'
OS_WINDOWS='0'
OS_WINDOWS_32='0'
OS_WINDOWS_32_FALSE=''
OS_WINDOWS_32_TRUE='#'
OS_WINDOWS_64='0'
OS_WINDOWS_64_FALSE=''
OS_WINDOWS_64_TRUE='#'
OS_WINDOWS_FALSE=''
OS_WINDOWS_TRUE='#'
OTOOL64=''
OTOOL=''
PACKAGE='xraylib'
PACKAGE_BUGREPORT='Tom.Schoonjans@me.com'
PACKAGE_NAME='xraylib'
PACKAGE_STRING='xraylib 3.3.0'
PACKAGE_TARNAME='xraylib'
PACKAGE_URL=''
PACKAGE_VERSION='3.3.0'
PATH_SEPARATOR=':'
PERL='perl'
PERL_EXT_CC='x86_64-linux-gnu-gcc'
PERL_EXT_CFLAGS='-D_REENTRANT -D_GNU_SOURCE -DDEBIAN -fwrapv -fno-strict-aliasing -pipe -I/usr/local/include -D_LARGEFILE_SOURCE -D_FILE_OFFSET_BITS=64'
PERL_EXT_CPPFLAGS='-D_REENTRANT -D_GNU_SOURCE -DDEBIAN -fwrapv -fno-strict-aliasing -pipe -I/usr/local/include'
PERL_EXT_DLEXT='.so'
PERL_EXT_INC='/usr/lib/x86_64-linux-gnu/perl/5.26/CORE'
PERL_EXT_LDFLAGS='-shared -L/usr/local/lib -fstack-protector-strong'
PERL_EXT_LIB='${exec_prefix}/lib/perl5/site_perl/5.26.1/x86_64-linux-gnu-thread-multi'
PHP=''
PHP_CFLAGS=''
PHP_CONFIG=''
PHP_DIR=''
PHP_LDFLAGS=''
PHP_SWIG=''
PKGPYEXECDIR='${pyexecdir}/xraylib'
PKGPYTHONDIR='${pythondir}/xraylib'
PYEXECDIR='${exec_prefix}/lib/python3.6/site-packages'
PYTHON='/home/oasys/oasys1env/bin/python'
PYTHONDIR='${prefix}/lib/python3.6/site-packages'
PYTHON_CFLAGS='-DNDEBUG -g -fwrapv -O2 -Wall'
PYTHON_CPPFLAGS='-I/usr/include/python3.6m -I/home/oasys/oasys1env/include/python3.6m'
PYTHON_EXEC_PREFIX='${exec_prefix}'
PYTHON_EXT='.cpython-36m-x86_64-linux-gnu.so'
PYTHON_INCLUDE_FIXED=''\''/usr/include/python3.6m'\'','\''/home/oasys/oasys1env/include/python3.6m'\'''
PYTHON_LDFLAGS='-L/usr/lib -lpython3.6m'
PYTHON_LIBS_FIXED=''\''-L/usr/lib'\'','\''python3.6m'\'''
PYTHON_PLATFORM='linux'
PYTHON_PREFIX='${prefix}'
PYTHON_SITE_PKG='/home/oasys/oasys1env/lib/python3.6/site-packages'
PYTHON_SITE_PKG_EXEC='/home/oasys/oasys1env/lib/python3.6/site-packages'
PYTHON_VERSION='3.6'
PYTHON_XRL_VERSION='3.3.0'
RANLIB='ranlib'
RSIIDL_BIN=''
RSIIDL_BINDIR=''
RSIIDL_DIR=''
RSIIDL_INCDIR=''
RSIIDL_LIBBIN=''
RUBY=''
RUBYDIR=''
RUBY_EXT_CC=''
RUBY_EXT_CPPFLAGS=''
RUBY_EXT_DLEXT=''
RUBY_EXT_INC=''
RUBY_EXT_LDFLAGS=''
RUBY_EXT_LIB=''
RUBY_VERSION=''
SED='/bin/sed'
SET_MAKE=''
SHELL='/bin/bash'
STRIP='strip'
SWIG='swig'
UUDECODE=''
VERSION='3.3.0'
WINE=''
XRLDATADIR='NONE/share/xraylib'
abs_top_builddir='/home/oasys/oasys-installation-scripts/Release_1.1/VirtualEnvironment/xraylib-3.3.0'
abs_top_builddir_win='\home\oasys\oasys-installation-scripts\Release_1.1\VirtualEnvironment\xraylib-3.3.0'
abs_top_srcdir='/home/oasys/oasys-installation-scripts/Release_1.1/VirtualEnvironment/xraylib-3.3.0'
abs_top_srcdir_win='\home\oasys\oasys-installation-scripts\Release_1.1\VirtualEnvironment\xraylib-3.3.0'
ac_ct_AR='ar'
ac_ct_CC='gcc'
ac_ct_CXX='g++'
ac_ct_DUMPBIN=''
ac_ct_FC='gfortran'
am__EXEEXT_FALSE=''
am__EXEEXT_TRUE='#'
am__fastdepCC_FALSE='#'
am__fastdepCC_TRUE=''
am__fastdepCXX_FALSE='#'
am__fastdepCXX_TRUE=''
am__include='include'
am__isrc=''
am__leading_dot='.'
am__nodep='_no'
am__quote=''
am__tar='$${TAR-tar} chof - "$$tardir"'
am__untar='$${TAR-tar} xf -'
bindir='${exec_prefix}/bin'
build='x86_64-unknown-linux-gnu'
build_alias=''
build_cpu='x86_64'
build_os='linux-gnu'
build_vendor='unknown'
datadir='${datarootdir}'
datarootdir='${prefix}/share'
docdir='${datarootdir}/doc/${PACKAGE_TARNAME}'
dvidir='${docdir}'
exec_prefix='${prefix}'
host='x86_64-unknown-linux-gnu'
host_alias=''
host_cpu='x86_64'
host_os='linux-gnu'
host_vendor='unknown'
htmldir='${docdir}'
includedir='${prefix}/include'
infodir='${datarootdir}/info'
install_sh='${SHELL} /home/oasys/oasys-installation-scripts/Release_1.1/VirtualEnvironment/xraylib-3.3.0/build-aux/install-sh'
libdir='${exec_prefix}/lib'
libexecdir='${exec_prefix}/libexec'
localedir='${datarootdir}/locale'
localstatedir='${prefix}/var'
mandir='${datarootdir}/man'
mkdir_p='$(MKDIR_P)'
oldincludedir='/usr/include'
pdfdir='${docdir}'
pkgpyexecdir='${pyexecdir}/xraylib'
pkgpythondir='${pythondir}/xraylib'
prefix='/usr/local'
program_transform_name='s,x,x,'
psdir='${docdir}'
pyexecdir='/home/oasys/oasys1env/lib/python3.6/site-packages'
pythondir='/home/oasys/oasys1env/lib/python3.6/site-packages'
sbindir='${exec_prefix}/sbin'
sharedstatedir='${prefix}/com'
sysconfdir='${prefix}/etc'
target_alias=''

## ----------- ##
## confdefs.h. ##
## ----------- ##

/* confdefs.h */
#define PACKAGE_NAME "xraylib"
#define PACKAGE_TARNAME "xraylib"
#define PACKAGE_VERSION "3.3.0"
#define PACKAGE_STRING "xraylib 3.3.0"
#define PACKAGE_BUGREPORT "Tom.Schoonjans@me.com"
#define PACKAGE_URL ""
#define PACKAGE "xraylib"
#define VERSION "3.3.0"
#define STDC_HEADERS 1
#define HAVE_SYS_TYPES_H 1
#define HAVE_SYS_STAT_H 1
#define HAVE_STDLIB_H 1
#define HAVE_STRING_H 1
#define HAVE_MEMORY_H 1
#define HAVE_STRINGS_H 1
#define HAVE_INTTYPES_H 1
#define HAVE_STDINT_H 1
#define HAVE_UNISTD_H 1
#define __EXTENSIONS__ 1
#define _ALL_SOURCE 1
#define _GNU_SOURCE 1
#define _POSIX_PTHREAD_SEMANTICS 1
#define _TANDEM_SOURCE 1
#define HAVE_STRNDUP 1
#define HAVE_STRDUP 1
#define HAVE_DLFCN_H 1
#define LT_OBJDIR ".libs/"
#define HAVE_MATH_H 1
#define HAVE_STDIO_H 1
#define HAVE_STDLIB_H 1
#define HAVE_STRING_H 1
#define HAVE_CTYPE_H 1
#define HAVE_STDDEF_H 1
#define HAVE_LOCALE_H 1
#define HAVE_LIBM 1
#define HAVE_LIBM 1
#define HAVE_LIBM 1
#define HAVE_LIBM 1
#define HAVE_PYTHON "3.6"
#define HAVE_CSTDIO 1
#define HAVE_CSTDLIB 1

configure: exit 0
